2022-12-28 23:14:44,472 [236] ****** 创建MCT, Agent: best_player ******
2022-12-28 23:14:44,473 [87] ***************************
2022-12-28 23:14:44,474 [88] ****** SIMULATION 1 ******
2022-12-28 23:14:51,024 [89] ***************************
2022-12-28 23:14:51,025 [63] ROOT NODE...0210010100012102010201032000110410200105000031010030010200030103300001040300010500040111400001120000411300400114040001150111110110111102110111031110110411110105002021010022010220020103220001040200210511300101031101023010110310013104010311050012210120210102210021030220110412020105011211012011110211012103112011041211010502320211300222122020321323200214020322152300321102303212302302133302021400332215500002210000522200500223050002240005022504210221000242221204122340102224214002253050022100035222053002235000322403050225600002310600023200600233000602340000623505333331303353323305333353303334335303350070034100070342070003430000734470000345336003410306334206330343300363446030334530700351030703520730035300037354700033550000000000000000000000
2022-12-28 23:15:00,305 [256] 1
2022-12-28 23:15:00,306 [257] -----------------
2022-12-28 23:15:00,306 [65] CURRENT PLAYER...1
2022-12-28 23:15:00,307 [70] ------MOVING TO LEAF------
2022-12-28 23:15:00,307 [123] DONE...0
2022-12-28 23:15:01,901 [256] 1
2022-12-28 23:15:01,901 [257] -----------------
2022-12-28 23:15:01,902 [140] ------EVALUATING LEAF------
2022-12-28 23:15:27,397 [145] PREDICTED VALUE FOR 1: nan
2022-12-28 23:18:33,402 [236] ****** 创建MCT, Agent: best_player ******
2022-12-28 23:18:33,402 [87] ***************************
2022-12-28 23:18:33,402 [88] ****** SIMULATION 1 ******
2022-12-28 23:18:33,402 [89] ***************************
2022-12-28 23:18:33,403 [63] ROOT NODE...0210010100012102010201032000110410200105000031010030010200030103300001040300010500040111400001120000411300400114040001150111110110111102110111031110110411110105002021010022010220020103220001040200210511300101031101023010110310013104010311050012210120210102210021030220110412020105011211012011110211012103112011041211010502320211300222122020321323200214020322152300321102303212302302133302021400332215500002210000522200500223050002240005022504210221000242221204122340102224214002253050022100035222053002235000322403050225600002310600023200600233000602340000623505333331303353323305333353303334335303350070034100070342070003430000734470000345336003410306334206330343300363446030334530700351030703520730035300037354700033550000000000000000000000
2022-12-28 23:18:33,403 [257] 1
2022-12-28 23:18:33,403 [258] -----------------
2022-12-28 23:18:33,403 [65] CURRENT PLAYER...1
2022-12-28 23:18:33,403 [70] ------MOVING TO LEAF------
2022-12-28 23:18:33,404 [123] DONE...0
2022-12-28 23:18:33,404 [257] 1
2022-12-28 23:18:33,404 [258] -----------------
2022-12-28 23:18:33,404 [140] ------EVALUATING LEAF------
2022-12-28 23:19:09,723 [236] ****** 创建MCT, Agent: best_player ******
2022-12-28 23:19:09,724 [87] ***************************
2022-12-28 23:19:09,725 [88] ****** SIMULATION 1 ******
2022-12-28 23:19:16,520 [89] ***************************
2022-12-28 23:19:16,521 [63] ROOT NODE...0210010100012102010201032000110410200105000031010030010200030103300001040300010500040111400001120000411300400114040001150111110110111102110111031110110411110105002021010022010220020103220001040200210511300101031101023010110310013104010311050012210120210102210021030220110412020105011211012011110211012103112011041211010502320211300222122020321323200214020322152300321102303212302302133302021400332215500002210000522200500223050002240005022504210221000242221204122340102224214002253050022100035222053002235000322403050225600002310600023200600233000602340000623505333331303353323305333353303334335303350070034100070342070003430000734470000345336003410306334206330343300363446030334530700351030703520730035300037354700033550000000000000000000000
2022-12-28 23:19:18,284 [257] 1
2022-12-28 23:19:18,285 [258] -----------------
2022-12-28 23:19:18,285 [65] CURRENT PLAYER...1
2022-12-28 23:19:18,286 [70] ------MOVING TO LEAF------
2022-12-28 23:19:18,287 [123] DONE...0
2022-12-28 23:19:20,112 [257] 1
2022-12-28 23:19:20,112 [258] -----------------
2022-12-28 23:19:20,113 [140] ------EVALUATING LEAF------
2022-12-28 23:33:51,403 [236] ****** 创建MCT, Agent: best_player ******
2022-12-28 23:33:51,404 [87] ***************************
2022-12-28 23:33:51,404 [88] ****** SIMULATION 1 ******
2022-12-28 23:33:51,404 [89] ***************************
2022-12-28 23:33:51,405 [63] ROOT NODE...0210010100012102010201032000110410200105000031010030010200030103300001040300010500040111400001120000411300400114040001150111110110111102110111031110110411110105002021010022010220020103220001040200210511300101031101023010110310013104010311050012210120210102210021030220110412020105011211012011110211012103112011041211010502320211300222122020321323200214020322152300321102303212302302133302021400332215500002210000522200500223050002240005022504210221000242221204122340102224214002253050022100035222053002235000322403050225600002310600023200600233000602340000623505333331303353323305333353303334335303350070034100070342070003430000734470000345336003410306334206330343300363446030334530700351030703520730035300037354700033550000000000000000000000
2022-12-28 23:33:51,405 [245] 1
2022-12-28 23:33:51,405 [246] -----------------
2022-12-28 23:33:51,406 [65] CURRENT PLAYER...1
2022-12-28 23:33:51,406 [70] ------MOVING TO LEAF------
2022-12-28 23:33:51,406 [123] DONE...0
2022-12-28 23:33:51,406 [245] 1
2022-12-28 23:33:51,407 [246] -----------------
2022-12-28 23:33:51,407 [140] ------EVALUATING LEAF------
2022-12-28 23:34:48,325 [236] ****** 创建MCT, Agent: best_player ******
2022-12-28 23:35:03,774 [87] ***************************
2022-12-28 23:35:04,142 [88] ****** SIMULATION 1 ******
2022-12-28 23:35:04,517 [89] ***************************
2022-12-28 23:35:05,320 [63] ROOT NODE...0210010100012102010201032000110410200105000031010030010200030103300001040300010500040111400001120000411300400114040001150111110110111102110111031110110411110105002021010022010220020103220001040200210511300101031101023010110310013104010311050012210120210102210021030220110412020105011211012011110211012103112011041211010502320211300222122020321323200214020322152300321102303212302302133302021400332215500002210000522200500223050002240005022504210221000242221204122340102224214002253050022100035222053002235000322403050225600002310600023200600233000602340000623505333331303353323305333353303334335303350070034100070342070003430000734470000345336003410306334206330343300363446030334530700351030703520730035300037354700033550000000000000000000000
2022-12-28 23:35:07,615 [245] 1
2022-12-28 23:35:08,244 [246] -----------------
2022-12-28 23:35:08,660 [65] CURRENT PLAYER...1
2022-12-28 23:35:09,234 [70] ------MOVING TO LEAF------
2022-12-28 23:35:11,404 [123] DONE...0
2022-12-28 23:35:14,635 [245] 1
2022-12-28 23:35:14,835 [246] -----------------
2022-12-28 23:35:15,430 [140] ------EVALUATING LEAF------
2022-12-28 23:38:06,745 [233] ****** 创建MCT, Agent: best_player ******
2022-12-28 23:38:06,746 [84] ***************************
2022-12-28 23:38:06,747 [85] ****** SIMULATION 1 ******
2022-12-28 23:38:08,937 [86] ***************************
2022-12-28 23:38:08,937 [63] ROOT NODE...0210010100012102010201032000110410200105000031010030010200030103300001040300010500040111400001120000411300400114040001150111110110111102110111031110110411110105002021010022010220020103220001040200210511300101031101023010110310013104010311050012210120210102210021030220110412020105011211012011110211012103112011041211010502320211300222122020321323200214020322152300321102303212302302133302021400332215500002210000522200500223050002240005022504210221000242221204122340102224214002253050022100035222053002235000322403050225600002310600023200600233000602340000623505333331303353323305333353303334335303350070034100070342070003430000734470000345336003410306334206330343300363446030334530700351030703520730035300037354700033550000000000000000000000
2022-12-28 23:38:11,212 [245] 1
2022-12-28 23:38:11,213 [246] -----------------
2022-12-28 23:38:11,213 [65] CURRENT PLAYER...1
2022-12-28 23:38:11,214 [70] ------MOVING TO LEAF------
2022-12-28 23:38:11,215 [123] DONE...0
2022-12-28 23:38:11,646 [245] 1
2022-12-28 23:38:11,647 [246] -----------------
2022-12-28 23:38:11,647 [137] ------EVALUATING LEAF------
